C:\USERS\LEELENING\DOCUMENTS\VISUAL STUDIO 2010\PROJECTS\密码学课程设计\DEBUG\密码学课程设计.EXE
C:\USERS\LEELENING\DOCUMENTS\VISUAL STUDIO 2010\PROJECTS\密码学课程设计\DEBUG\密码学课程设计.ILK
C:\USERS\LEELENING\DOCUMENTS\VISUAL STUDIO 2010\PROJECTS\密码学课程设计\DEBUG\密码学课程设计.PDB
C:\Users\leelening\Documents\Visual Studio 2010\Projects\密码学课程设计\密码学课程设计\Debug\cl.command.1.tlog
C:\Users\leelening\Documents\Visual Studio 2010\Projects\密码学课程设计\密码学课程设计\Debug\CL.read.1.tlog
C:\Users\leelening\Documents\Visual Studio 2010\Projects\密码学课程设计\密码学课程设计\Debug\CL.write.1.tlog
C:\USERS\LEELENING\DOCUMENTS\VISUAL STUDIO 2010\PROJECTS\密码学课程设计\密码学课程设计\DEBUG\COMPRESS.OBJ
C:\Users\leelening\Documents\Visual Studio 2010\Projects\密码学课程设计\密码学课程设计\Debug\link.command.1.tlog
C:\Users\leelening\Documents\Visual Studio 2010\Projects\密码学课程设计\密码学课程设计\Debug\link.read.1.tlog
C:\Users\leelening\Documents\Visual Studio 2010\Projects\密码学课程设计\密码学课程设计\Debug\link.write.1.tlog
C:\Users\leelening\Documents\Visual Studio 2010\Projects\密码学课程设计\密码学课程设计\Debug\link-cvtres.read.1.tlog
C:\Users\leelening\Documents\Visual Studio 2010\Projects\密码学课程设计\密码学课程设计\Debug\link-cvtres.write.1.tlog
C:\Users\leelening\Documents\Visual Studio 2010\Projects\密码学课程设计\密码学课程设计\Debug\mt.command.1.tlog
C:\Users\leelening\Documents\Visual Studio 2010\Projects\密码学课程设计\密码学课程设计\Debug\mt.read.1.tlog
C:\Users\leelening\Documents\Visual Studio 2010\Projects\密码学课程设计\密码学课程设计\Debug\mt.write.1.tlog
C:\Users\leelening\Documents\Visual Studio 2010\Projects\密码学课程设计\密码学课程设计\Debug\rc.command.1.tlog
C:\Users\leelening\Documents\Visual Studio 2010\Projects\密码学课程设计\密码学课程设计\Debug\rc.read.1.tlog
C:\Users\leelening\Documents\Visual Studio 2010\Projects\密码学课程设计\密码学课程设计\Debug\rc.write.1.tlog
C:\USERS\LEELENING\DOCUMENTS\VISUAL STUDIO 2010\PROJECTS\密码学课程设计\密码学课程设计\DEBUG\STDAFX.OBJ
C:\Users\leelening\Documents\Visual Studio 2010\Projects\密码学课程设计\密码学课程设计\Debug\vc100.idb
C:\USERS\LEELENING\DOCUMENTS\VISUAL STUDIO 2010\PROJECTS\密码学课程设计\密码学课程设计\DEBUG\VC100.PDB
C:\USERS\LEELENING\DOCUMENTS\VISUAL STUDIO 2010\PROJECTS\密码学课程设计\密码学课程设计\DEBUG\密码学课程设计.EXE.EMBED.MANIFEST
C:\USERS\LEELENING\DOCUMENTS\VISUAL STUDIO 2010\PROJECTS\密码学课程设计\密码学课程设计\DEBUG\密码学课程设计.EXE.EMBED.MANIFEST.RES
C:\USERS\LEELENING\DOCUMENTS\VISUAL STUDIO 2010\PROJECTS\密码学课程设计\密码学课程设计\DEBUG\密码学课程设计.EXE.INTERMEDIATE.MANIFEST
C:\USERS\LEELENING\DOCUMENTS\VISUAL STUDIO 2010\PROJECTS\密码学课程设计\密码学课程设计\DEBUG\密码学课程设计.OBJ
C:\USERS\LEELENING\DOCUMENTS\VISUAL STUDIO 2010\PROJECTS\密码学课程设计\密码学课程设计\DEBUG\密码学课程设计.PCH
C:\USERS\LEELENING\DOCUMENTS\VISUAL STUDIO 2010\PROJECTS\密码学课程设计\密码学课程设计\DEBUG\密码学课程设计.RES
C:\Users\leelening\Documents\Visual Studio 2010\Projects\密码学课程设计\密码学课程设计\Debug\密码学课程设计_manifest.rc
C:\USERS\LEELENING\DOCUMENTS\VISUAL STUDIO 2010\PROJECTS\密码学课程设计\密码学课程设计\DEBUG\密码学课程设计DLG.OBJ
